# JRE version: Java(TM) SE Runtime Environment 18.9 (11.0.16+11) (build 11.0.16+11-LTS-199)
# Java VM: Java HotSpot(TM) 64-Bit Server VM 18.9 (11.0.16+11-LTS-199, mixed mode, tiered, compressed oops, g1 gc, windows-amd64)
Heap:
 garbage-first heap   total 315392K, used 10084K [0x0000000700000000, 0x0000000800000000)
  region size 1024K, 5 young (5120K), 5 survivors (5120K)
 Metaspace       used 30788K, capacity 31721K, committed 31920K, reserved 1077248K
  class space    used 3613K, capacity 4038K, committed 4096K, reserved 1048576K
GC Heap History (9 events):
Event: 0.675 GC heap before
{Heap before GC invocations=0 (full 0):
 garbage-first heap   total 262144K, used 13312K [0x0000000700000000, 0x0000000800000000)
  region size 1024K, 14 young (14336K), 0 survivors (0K)
 Metaspace       used 10524K, capacity 10788K, committed 10880K, reserved 1058816K
  class space    used 995K, capacity 1098K, committed 1152K, reserved 1048576K
}
Event: 0.687 GC heap after
{Heap after GC invocations=1 (full 0):
 garbage-first heap   total 262144K, used 5374K [0x0000000700000000, 0x0000000800000000)
  region size 1024K, 2 young (2048K), 2 survivors (2048K)
 Metaspace       used 10524K, capacity 10788K, committed 10880K, reserved 1058816K
  class space    used 995K, capacity 1098K, committed 1152K, reserved 1048576K
}
Event: 1.000 GC heap before
{Heap before GC invocations=1 (full 0):
 garbage-first heap   total 262144K, used 15614K [0x0000000700000000, 0x0000000800000000)
  region size 1024K, 12 young (12288K), 2 survivors (2048K)
 Metaspace       used 12477K, capacity 12856K, committed 13056K, reserved 1060864K
  class space    used 1265K, capacity 1417K, committed 1536K, reserved 1048576K
}
Event: 1.004 GC heap after
{Heap after GC invocations=2 (full 0):
 garbage-first heap   total 262144K, used 5427K [0x0000000700000000, 0x0000000800000000)
  region size 1024K, 1 young (1024K), 1 survivors (1024K)
 Metaspace       used 12477K, capacity 12856K, committed 13056K, reserved 1060864K
  class space    used 1265K, capacity 1417K, committed 1536K, reserved 1048576K
}
Event: 1.963 GC heap before
{Heap before GC invocations=2 (full 0):
 garbage-first heap   total 262144K, used 43315K [0x0000000700000000, 0x0000000800000000)
  region size 1024K, 38 young (38912K), 1 survivors (1024K)
 Metaspace       used 19779K, capacity 20485K, committed 20736K, reserved 1067008K
  class space    used 2208K, capacity 2489K, committed 2560K, reserved 1048576K
}
Event: 1.969 GC heap after
{Heap after GC invocations=3 (full 0):
 garbage-first heap   total 262144K, used 7249K [0x0000000700000000, 0x0000000800000000)
  region size 1024K, 3 young (3072K), 3 survivors (3072K)
 Metaspace       used 19779K, capacity 20485K, committed 20736K, reserved 1067008K
  class space    used 2208K, capacity 2489K, committed 2560K, reserved 1048576K
}
Event: 2.146 GC heap before
{Heap before GC invocations=3 (full 0):
 garbage-first heap   total 262144K, used 11345K [0x0000000700000000, 0x0000000800000000)
  region size 1024K, 8 young (8192K), 3 survivors (3072K)
 Metaspace       used 20513K, capacity 21175K, committed 21296K, reserved 1069056K
  class space    used 2307K, capacity 2616K, committed 2688K, reserved 1048576K
}
Event: 2.151 GC heap after
{Heap after GC invocations=4 (full 0):
 garbage-first heap   total 262144K, used 7635K [0x0000000700000000, 0x0000000800000000)
  region size 1024K, 3 young (3072K), 3 survivors (3072K)
 Metaspace       used 20513K, capacity 21175K, committed 21296K, reserved 1069056K
  class space    used 2307K, capacity 2616K, committed 2688K, reserved 1048576K
}
Event: 3.762 GC heap before
{Heap before GC invocations=5 (full 0):
 garbage-first heap   total 262144K, used 78291K [0x0000000700000000, 0x0000000800000000)
  region size 1024K, 73 young (74752K), 3 survivors (3072K)
 Metaspace       used 30788K, capacity 31721K, committed 31920K, reserved 1077248K
  class space    used 3613K, capacity 4038K, committed 4096K, reserved 1048576K
}

